<?xml version="1.0" encoding="UTF-8"?>
<testng-results ignored="0" total="1" passed="1" failed="0" skipped="0">
  <reporter-output>
  </reporter-output>
  <suite started-at="2025-03-19T17:33:39 IST" name="Default suite" finished-at="2025-03-19T17:34:11 IST" duration-ms="31866">
    <groups>
    </groups>
    <test started-at="2025-03-19T17:33:39 IST" name="Default test" finished-at="2025-03-19T17:34:11 IST" duration-ms="31866">
      <class name="profileUpdate.NaukriProfileUpdate">
        <test-method signature="TC_001_LoginToNaukri()[pri:0, instance:profileUpdate.NaukriProfileUpdate@647e447]" started-at="2025-03-19T17:33:39 IST" name="TC_001_LoginToNaukri" finished-at="2025-03-19T17:34:11 IST" duration-ms="31811" status="PASS">
          <reporter-output>
          </reporter-output>
        </test-method> <!-- TC_001_LoginToNaukri -->
      </class> <!-- profileUpdate.NaukriProfileUpdate -->
    </test> <!-- Default test -->
  </suite> <!-- Default suite -->
</testng-results>
